[debug] [2025-09-02T12:58:06.255Z] ----------------------------------------------------------------------
[debug] [2025-09-02T12:58:06.257Z] Command:       C:\Program Files\nodejs\node.exe C:\Users\Admin\AppData\Roaming\npm\node_modules\firebase-tools\lib\bin\firebase.js init
[debug] [2025-09-02T12:58:06.258Z] CLI Version:   14.15.1
[debug] [2025-09-02T12:58:06.258Z] Platform:      win32
[debug] [2025-09-02T12:58:06.258Z] Node Version:  v22.15.1
[debug] [2025-09-02T12:58:06.258Z] Time:          Tue Sep 02 2025 18:28:06 GMT+0530 (India Standard Time)
[debug] [2025-09-02T12:58:06.258Z] ----------------------------------------------------------------------
[debug] 
[debug] [2025-09-02T12:58:06.263Z] > command requires scopes: ["email","openid","https://www.googleapis.com/auth/cloudplatformprojects.readonly","https://www.googleapis.com/auth/firebase","https://www.googleapis.com/auth/cloud-platform"]
[debug] [2025-09-02T12:58:06.263Z] > authorizing via signed-in user (developerbrandbanao@gmail.com)
[info] 
     ######## #### ########  ######## ########     ###     ######  ########
     ##        ##  ##     ## ##       ##     ##  ##   ##  ##       ##
     ######    ##  ########  ######   ########  #########  ######  ######
     ##        ##  ##    ##  ##       ##     ## ##     ##       ## ##
     ##       #### ##     ## ######## ########  ##     ##  ######  ########

You're about to initialize a Firebase project in this directory:

  C:\Users\Admin\OneDrive\Desktop\saibaba copy\hospital

[debug] [2025-09-02T13:03:55.218Z] ExitPromptError: User force closed the prompt with SIGINT
    at Interface.sigint (C:\Users\Admin\AppData\Roaming\npm\node_modules\firebase-tools\node_modules\@inquirer\core\dist\commonjs\lib\create-prompt.js:101:37)
    at Interface.emit (node:events:518:28)
    at Interface.emit (node:domain:489:12)
    at [_ttyWrite] [as _ttyWrite] (node:internal/readline/interface:1128:18)
    at ReadStream.onkeypress (node:internal/readline/interface:267:20)
    at ReadStream.emit (node:events:530:35)
    at ReadStream.emit (node:domain:489:12)
    at emitKeys (node:internal/readline/utils:370:14)
    at emitKeys.next (<anonymous>)
    at ReadStream.onData (node:internal/readline/emitKeypressEvents:64:36)
[error] 
[error] Error: An unexpected error has occurred.
